This is pdfTeX, Version 3.141592653-2.6-1.40.25 (TeX Live 2023) (preloaded format=pdflatex 2024.3.1)  14 FEB 2025 02:00
entering extended mode
 restricted \write18 enabled.
 file:line:error style messages enabled.
 %&-line parsing enabled.
**"d:/LaTeX/Assignments Template/Note"
(d:/LaTeX/Assignments Template/Note.tex
LaTeX2e <2023-11-01> patch level 1
L3 programming layer <2024-02-20>
(e:/texlive/2023/texmf-dist/tex/latex/exam/exam.cls
Document Class: exam 2023/07/09 Version 2.704 by Philip Hirschhorn
(e:/texlive/2023/texmf-dist/tex/latex/base/ifthen.sty
Package: ifthen 2022/04/13 v1.1d Standard LaTeX ifthen package (DPC)
) (e:/texlive/2023/texmf-dist/tex/latex/base/article.cls
Document Class: article 2023/05/17 v1.4n Standard LaTeX document class
(e:/texlive/2023/texmf-dist/tex/latex/base/size12.clo
File: size12.clo 2023/05/17 v1.4n Standard LaTeX file (size option)
)
\c@part=\count188
\c@section=\count189
\c@subsection=\count190
\c@subsubsection=\count191
\c@paragraph=\count192
\c@subparagraph=\count193
\c@figure=\count194
\c@table=\count195
\abovecaptionskip=\skip48
\belowcaptionskip=\skip49
\bibindent=\dimen140
)
\@extrawidth=\skip50
\@rightmargin=\skip51
\@extrahead=\skip52
\@extrafoot=\skip53
\run@exhd=\skip54
\fp@exhd=\skip55
\run@exft=\skip56
\fp@exft=\skip57
\covrun@exhd=\skip58
\covfp@exhd=\skip59
\covrun@exft=\skip60
\covfp@exft=\skip61
\c@num@coverpages=\count196
\c@latest@ques=\count197
\c@ques@end=\count198
\c@last@object=\count199
\c@incmp@ques=\count266
\c@next@ques=\count267
\c@next@page=\count268
\c@tmp@hlfcntr=\count269
\c@ifpos@cntr=\count270
\c@question=\count271
\c@partno=\count272
\c@subpart=\count273
\c@subsubpart=\count274
\c@choice=\count275
\c@numpoints=\count276
\c@numbonuspoints=\count277
\c@pointsof@thisquestion=\count278
\c@bonuspointsof@thisquestion=\count279
\c@numquestions=\count280
\c@numparts=\count281
\c@numsubparts=\count282
\c@numsubsubparts=\count283
\c@Curr@Page=\count284
\c@@pagepoints=\count285
\c@@pagebonuspoints=\count286
\c@pageof@pagepoints=\count287
\c@pageof@pagebonuspoints=\count288
\c@latest@points=\count289
\c@latest@bonuspoints=\count290
\pageinfo@commands=\toks17
\temp@toks=\toks18
\pagepoint@commands=\toks19
\point@toks=\toks20
\c@ques@object=\count291
\marginpointssep=\skip62
\rightpointsmargin=\skip63
\choice@toks=\toks21
\answerlinelength=\skip64
\answerskip=\skip65
\answerclearance=\skip66
\fillinlinelength=\skip67
\linefillheight=\skip68
\linefillthickness=\skip69
\dottedlinefillheight=\skip70
\gridsize=\skip71
\gridlinewidth=\skip72
\minboxheight=\skip73
\c@@iterator=\count292
\@cellwidth=\skip74
\c@tbl@points=\count293
\c@tbl@bonuspoints=\count294
\c@pq@index=\count295
\c@pq@index@pts=\count296
\c@pq@index@bpts=\count297
\c@num@cols=\count298
\c@num@rows=\count299
\c@current@row=\count300
\c@cols@done=\count301
\c@exam@saved@eqnum=\count302
\exam@box=\box51
\saved@totalleftmargin=\dimen141
\@sollistdepth=\count303
\exam@FrameRule=\dimen142
\exam@FrameSep=\dimen143
) (e:/texlive/2023/texmf-dist/tex/latex/amsmath/amsmath.sty
Package: amsmath 2023/05/13 v2.17o AMS math features
\@mathmargin=\skip75

For additional information on amsmath, use the `?' option.
(e:/texlive/2023/texmf-dist/tex/latex/amsmath/amstext.sty
Package: amstext 2021/08/26 v2.01 AMS text
 (e:/texlive/2023/texmf-dist/tex/latex/amsmath/amsgen.sty
File: amsgen.sty 1999/11/30 v2.0 generic functions
\@emptytoks=\toks22
\ex@=\dimen144
)) (e:/texlive/2023/texmf-dist/tex/latex/amsmath/amsbsy.sty
Package: amsbsy 1999/11/29 v1.2d Bold Symbols
\pmbraise@=\dimen145
) (e:/texlive/2023/texmf-dist/tex/latex/amsmath/amsopn.sty
Package: amsopn 2022/04/08 v2.04 operator names
)
\inf@bad=\count304
LaTeX Info: Redefining \frac on input line 234.
\uproot@=\count305
\leftroot@=\count306
LaTeX Info: Redefining \overline on input line 399.
LaTeX Info: Redefining \colon on input line 410.
\classnum@=\count307
\DOTSCASE@=\count308
LaTeX Info: Redefining \ldots on input line 496.
LaTeX Info: Redefining \dots on input line 499.
LaTeX Info: Redefining \cdots on input line 620.
\Mathstrutbox@=\box52
\strutbox@=\box53
LaTeX Info: Redefining \big on input line 722.
LaTeX Info: Redefining \Big on input line 723.
LaTeX Info: Redefining \bigg on input line 724.
LaTeX Info: Redefining \Bigg on input line 725.
\big@size=\dimen146
LaTeX Font Info:    Redeclaring font encoding OML on input line 743.
LaTeX Font Info:    Redeclaring font encoding OMS on input line 744.
\macc@depth=\count309
LaTeX Info: Redefining \bmod on input line 905.
LaTeX Info: Redefining \pmod on input line 910.
LaTeX Info: Redefining \smash on input line 940.
LaTeX Info: Redefining \relbar on input line 970.
LaTeX Info: Redefining \Relbar on input line 971.
\c@MaxMatrixCols=\count310
\dotsspace@=\muskip16
\c@parentequation=\count311
\dspbrk@lvl=\count312
\tag@help=\toks23
\row@=\count313
\column@=\count314
\maxfields@=\count315
\andhelp@=\toks24
\eqnshift@=\dimen147
\alignsep@=\dimen148
\tagshift@=\dimen149
\tagwidth@=\dimen150
\totwidth@=\dimen151
\lineht@=\dimen152
\@envbody=\toks25
\multlinegap=\skip76
\multlinetaggap=\skip77
\mathdisplay@stack=\toks26
LaTeX Info: Redefining \[ on input line 2953.
LaTeX Info: Redefining \] on input line 2954.
) (e:/texlive/2023/texmf-dist/tex/latex/amsfonts/amssymb.sty
Package: amssymb 2013/01/14 v3.01 AMS font symbols
 (e:/texlive/2023/texmf-dist/tex/latex/amsfonts/amsfonts.sty
Package: amsfonts 2013/01/14 v3.01 Basic AMSFonts support
\symAMSa=\mathgroup4
\symAMSb=\mathgroup5
LaTeX Font Info:    Redeclaring math symbol \hbar on input line 98.
LaTeX Font Info:    Overwriting math alphabet `\mathfrak' in version `bold'
(Font)                  U/euf/m/n --> U/euf/b/n on input line 106.
)) (e:/texlive/2023/texmf-dist/tex/latex/tipa/tipa.sty
Package: tipa 2002/08/08 TIPA version 1.1
 (e:/texlive/2023/texmf-dist/tex/latex/base/fontenc.sty
Package: fontenc 2021/04/29 v2.0v Standard LaTeX package
 (e:/texlive/2023/texmf-dist/tex/latex/tipa/t3enc.def
File: t3enc.def 2001/12/31 T3 encoding
Now handling font encoding T3 ...
... no UTF-8 mapping file for font encoding T3
))) (e:/texlive/2023/texmf-dist/tex/latex/geometry/geometry.sty
Package: geometry 2020/01/02 v5.9 Page Geometry
 (e:/texlive/2023/texmf-dist/tex/latex/graphics/keyval.sty
Package: keyval 2022/05/29 v1.15 key=value parser (DPC)
\KV@toks@=\toks27
) (e:/texlive/2023/texmf-dist/tex/generic/iftex/ifvtex.sty
Package: ifvtex 2019/10/25 v1.7 ifvtex legacy package. Use iftex instead.
 (e:/texlive/2023/texmf-dist/tex/generic/iftex/iftex.sty
Package: iftex 2022/02/03 v1.0f TeX engine tests
))
\Gm@cnth=\count316
\Gm@cntv=\count317
\c@Gm@tempcnt=\count318
\Gm@bindingoffset=\dimen153
\Gm@wd@mp=\dimen154
\Gm@odd@mp=\dimen155
\Gm@even@mp=\dimen156
\Gm@layoutwidth=\dimen157
\Gm@layoutheight=\dimen158
\Gm@layouthoffset=\dimen159
\Gm@layoutvoffset=\dimen160
\Gm@dimlist=\toks28
) (e:/texlive/2023/texmf-dist/tex/latex/cjk/texinput/CJKutf8.sty
Package: CJKutf8 2021/10/16 4.8.5
 (e:/texlive/2023/texmf-dist/tex/generic/iftex/ifpdf.sty
Package: ifpdf 2019/10/25 v3.4 ifpdf legacy package. Use iftex instead.
) (e:/texlive/2023/texmf-dist/tex/latex/base/inputenc.sty
Package: inputenc 2021/02/14 v1.3d Input encoding file
\inpenc@prehook=\toks29
\inpenc@posthook=\toks30
) (e:/texlive/2023/texmf-dist/tex/latex/cjk/texinput/CJK.sty
Package: CJK 2021/10/16 4.8.5
 (e:/texlive/2023/texmf-dist/tex/latex/cjk/texinput/mule/MULEenc.sty
Package: MULEenc 2021/10/16 4.8.5
) (e:/texlive/2023/texmf-dist/tex/latex/cjk/texinput/CJK.enc
File: CJK.enc 2021/10/16 4.8.5
Now handling font encoding C00 ...
... no UTF-8 mapping file for font encoding C00
Now handling font encoding C05 ...
... no UTF-8 mapping file for font encoding C05
Now handling font encoding C09 ...
... no UTF-8 mapping file for font encoding C09
Now handling font encoding C10 ...
... no UTF-8 mapping file for font encoding C10
Now handling font encoding C20 ...
... no UTF-8 mapping file for font encoding C20
Now handling font encoding C19 ...
... no UTF-8 mapping file for font encoding C19
Now handling font encoding C40 ...
... no UTF-8 mapping file for font encoding C40
Now handling font encoding C42 ...
... no UTF-8 mapping file for font encoding C42
Now handling font encoding C43 ...
... no UTF-8 mapping file for font encoding C43
Now handling font encoding C50 ...
... no UTF-8 mapping file for font encoding C50
Now handling font encoding C52 ...
... no UTF-8 mapping file for font encoding C52
Now handling font encoding C49 ...
... no UTF-8 mapping file for font encoding C49
Now handling font encoding C60 ...
... no UTF-8 mapping file for font encoding C60
Now handling font encoding C61 ...
... no UTF-8 mapping file for font encoding C61
Now handling font encoding C63 ...
... no UTF-8 mapping file for font encoding C63
Now handling font encoding C64 ...
... no UTF-8 mapping file for font encoding C64
Now handling font encoding C65 ...
... no UTF-8 mapping file for font encoding C65
Now handling font encoding C70 ...
... no UTF-8 mapping file for font encoding C70
Now handling font encoding C31 ...
... no UTF-8 mapping file for font encoding C31
Now handling font encoding C32 ...
... no UTF-8 mapping file for font encoding C32
Now handling font encoding C33 ...
... no UTF-8 mapping file for font encoding C33
Now handling font encoding C34 ...
... no UTF-8 mapping file for font encoding C34
Now handling font encoding C35 ...
... no UTF-8 mapping file for font encoding C35
Now handling font encoding C36 ...
... no UTF-8 mapping file for font encoding C36
Now handling font encoding C37 ...
... no UTF-8 mapping file for font encoding C37
Now handling font encoding C80 ...
... no UTF-8 mapping file for font encoding C80
Now handling font encoding C81 ...
... no UTF-8 mapping file for font encoding C81
Now handling font encoding C01 ...
... no UTF-8 mapping file for font encoding C01
Now handling font encoding C11 ...
... no UTF-8 mapping file for font encoding C11
Now handling font encoding C21 ...
... no UTF-8 mapping file for font encoding C21
Now handling font encoding C41 ...
... no UTF-8 mapping file for font encoding C41
Now handling font encoding C62 ...
... no UTF-8 mapping file for font encoding C62
)
\CJK@indent=\box54
) (e:/texlive/2023/texmf-dist/tex/latex/base/fontenc.sty
Package: fontenc 2021/04/29 v2.0v Standard LaTeX package
)) (e:/texlive/2023/texmf-dist/tex/latex/booktabs/booktabs.sty
Package: booktabs 2020/01/12 v1.61803398 Publication quality tables
\heavyrulewidth=\dimen161
\lightrulewidth=\dimen162
\cmidrulewidth=\dimen163
\belowrulesep=\dimen164
\belowbottomsep=\dimen165
\aboverulesep=\dimen166
\abovetopsep=\dimen167
\cmidrulesep=\dimen168
\cmidrulekern=\dimen169
\defaultaddspace=\dimen170
\@cmidla=\count319
\@cmidlb=\count320
\@aboverulesep=\dimen171
\@belowrulesep=\dimen172
\@thisruleclass=\count321
\@lastruleclass=\count322
\@thisrulewidth=\dimen173
) (e:/texlive/2023/texmf-dist/tex/latex/float/float.sty
Package: float 2001/11/08 v1.3d Float enhancements (AL)
\c@float@type=\count323
\float@exts=\toks31
\float@box=\box55
\@float@everytoks=\toks32
\@floatcapt=\box56
) (e:/texlive/2023/texmf-dist/tex/latex/graphics/graphicx.sty
Package: graphicx 2021/09/16 v1.2d Enhanced LaTeX Graphics (DPC,SPQR)
 (e:/texlive/2023/texmf-dist/tex/latex/graphics/graphics.sty
Package: graphics 2022/03/10 v1.4e Standard LaTeX Graphics (DPC,SPQR)
 (e:/texlive/2023/texmf-dist/tex/latex/graphics/trig.sty
Package: trig 2021/08/11 v1.11 sin cos tan (DPC)
) (e:/texlive/2023/texmf-dist/tex/latex/graphics-cfg/graphics.cfg
File: graphics.cfg 2016/06/04 v1.11 sample graphics configuration
)
Package graphics Info: Driver file: pdftex.def on input line 107.
 (e:/texlive/2023/texmf-dist/tex/latex/graphics-def/pdftex.def
File: pdftex.def 2022/09/22 v1.2b Graphics/color driver for pdftex
))
\Gin@req@height=\dimen174
\Gin@req@width=\dimen175
)
\c@remark=\count324
 (e:/texlive/2023/texmf-dist/tex/latex/l3backend/l3backend-pdftex.def
File: l3backend-pdftex.def 2024-02-20 L3 backend support: PDF output (pdfTeX)
\l__color_backend_stack_int=\count325
\l__pdf_internal_box=\box57
) (./Note.aux

LaTeX Warning: Label `question@1' multiply defined.


LaTeX Warning: Label `question@2' multiply defined.


LaTeX Warning: Label `question@3' multiply defined.


LaTeX Warning: Label `question@4' multiply defined.


LaTeX Warning: Label `question@1' multiply defined.


LaTeX Warning: Label `question@2' multiply defined.


LaTeX Warning: Label `question@3' multiply defined.


LaTeX Warning: Label `question@4' multiply defined.


LaTeX Warning: Label `question@1' multiply defined.


LaTeX Warning: Label `question@2' multiply defined.


LaTeX Warning: Label `question@3' multiply defined.


LaTeX Warning: Label `question@4' multiply defined.


LaTeX Warning: Label `question@5' multiply defined.


LaTeX Warning: Label `question@6' multiply defined.


LaTeX Warning: Label `question@7' multiply defined.


LaTeX Warning: Label `question@1' multiply defined.


LaTeX Warning: Label `question@2' multiply defined.


LaTeX Warning: Label `question@3' multiply defined.


LaTeX Warning: Label `question@1' multiply defined.


LaTeX Warning: Label `question@2' multiply defined.


LaTeX Warning: Label `question@3' multiply defined.

)
\openout1 = `Note.aux'.

LaTeX Font Info:    Checking defaults for OML/cmm/m/it on input line 19.
LaTeX Font Info:    ... okay on input line 19.
LaTeX Font Info:    Checking defaults for OMS/cmsy/m/n on input line 19.
LaTeX Font Info:    ... okay on input line 19.
LaTeX Font Info:    Checking defaults for OT1/cmr/m/n on input line 19.
LaTeX Font Info:    ... okay on input line 19.
LaTeX Font Info:    Checking defaults for T1/cmr/m/n on input line 19.
LaTeX Font Info:    ... okay on input line 19.
LaTeX Font Info:    Checking defaults for TS1/cmr/m/n on input line 19.
LaTeX Font Info:    ... okay on input line 19.
LaTeX Font Info:    Checking defaults for OMX/cmex/m/n on input line 19.
LaTeX Font Info:    ... okay on input line 19.
LaTeX Font Info:    Checking defaults for U/cmr/m/n on input line 19.
LaTeX Font Info:    ... okay on input line 19.
LaTeX Font Info:    Checking defaults for T3/cmr/m/n on input line 19.
LaTeX Font Info:    Trying to load font information for T3+cmr on input line 19.
 (e:/texlive/2023/texmf-dist/tex/latex/tipa/t3cmr.fd
File: t3cmr.fd 2001/12/31 TIPA font definitions
)
LaTeX Font Info:    ... okay on input line 19.
LaTeX Font Info:    Checking defaults for C00/song/m/n on input line 19.
LaTeX Font Info:    ... okay on input line 19.
LaTeX Font Info:    Checking defaults for C05/song/m/n on input line 19.
LaTeX Font Info:    ... okay on input line 19.
LaTeX Font Info:    Checking defaults for C09/song/m/n on input line 19.
LaTeX Font Info:    ... okay on input line 19.
LaTeX Font Info:    Checking defaults for C10/song/m/n on input line 19.
LaTeX Font Info:    ... okay on input line 19.
LaTeX Font Info:    Checking defaults for C20/song/m/n on input line 19.
LaTeX Font Info:    ... okay on input line 19.
LaTeX Font Info:    Checking defaults for C19/song/m/n on input line 19.
LaTeX Font Info:    ... okay on input line 19.
LaTeX Font Info:    Checking defaults for C40/song/m/n on input line 19.
LaTeX Font Info:    ... okay on input line 19.
LaTeX Font Info:    Checking defaults for C42/song/m/n on input line 19.
LaTeX Font Info:    ... okay on input line 19.
LaTeX Font Info:    Checking defaults for C43/song/m/n on input line 19.
LaTeX Font Info:    ... okay on input line 19.
LaTeX Font Info:    Checking defaults for C50/song/m/n on input line 19.
LaTeX Font Info:    ... okay on input line 19.
LaTeX Font Info:    Checking defaults for C52/song/m/n on input line 19.
LaTeX Font Info:    ... okay on input line 19.
LaTeX Font Info:    Checking defaults for C49/song/m/n on input line 19.
LaTeX Font Info:    ... okay on input line 19.
LaTeX Font Info:    Checking defaults for C60/mj/m/n on input line 19.
LaTeX Font Info:    ... okay on input line 19.
LaTeX Font Info:    Checking defaults for C61/mj/m/n on input line 19.
LaTeX Font Info:    ... okay on input line 19.
LaTeX Font Info:    Checking defaults for C63/mj/m/n on input line 19.
LaTeX Font Info:    ... okay on input line 19.
LaTeX Font Info:    Checking defaults for C64/mj/m/n on input line 19.
LaTeX Font Info:    ... okay on input line 19.
LaTeX Font Info:    Checking defaults for C65/mj/m/n on input line 19.
LaTeX Font Info:    ... okay on input line 19.
LaTeX Font Info:    Checking defaults for C70/song/m/n on input line 19.
LaTeX Font Info:    ... okay on input line 19.
LaTeX Font Info:    Checking defaults for C31/song/m/n on input line 19.
LaTeX Font Info:    ... okay on input line 19.
LaTeX Font Info:    Checking defaults for C32/song/m/n on input line 19.
LaTeX Font Info:    ... okay on input line 19.
LaTeX Font Info:    Checking defaults for C33/song/m/n on input line 19.
LaTeX Font Info:    ... okay on input line 19.
LaTeX Font Info:    Checking defaults for C34/song/m/n on input line 19.
LaTeX Font Info:    ... okay on input line 19.
LaTeX Font Info:    Checking defaults for C35/song/m/n on input line 19.
LaTeX Font Info:    ... okay on input line 19.
LaTeX Font Info:    Checking defaults for C36/song/m/n on input line 19.
LaTeX Font Info:    ... okay on input line 19.
LaTeX Font Info:    Checking defaults for C37/song/m/n on input line 19.
LaTeX Font Info:    ... okay on input line 19.
LaTeX Font Info:    Checking defaults for C80/song/m/n on input line 19.
LaTeX Font Info:    ... okay on input line 19.
LaTeX Font Info:    Checking defaults for C81/song/m/n on input line 19.
LaTeX Font Info:    ... okay on input line 19.
LaTeX Font Info:    Checking defaults for C01/song/m/n on input line 19.
LaTeX Font Info:    ... okay on input line 19.
LaTeX Font Info:    Checking defaults for C11/song/m/n on input line 19.
LaTeX Font Info:    ... okay on input line 19.
LaTeX Font Info:    Checking defaults for C21/song/m/n on input line 19.
LaTeX Font Info:    ... okay on input line 19.
LaTeX Font Info:    Checking defaults for C41/song/m/n on input line 19.
LaTeX Font Info:    ... okay on input line 19.
LaTeX Font Info:    Checking defaults for C62/song/m/n on input line 19.
LaTeX Font Info:    ... okay on input line 19.

*geometry* driver: auto-detecting
*geometry* detected driver: pdftex
*geometry* verbose mode - [ preamble ] result:
* driver: pdftex
* paper: letterpaper
* layout: <same size as paper>
* layoutoffset:(h,v)=(0.0pt,0.0pt)
* modes: 
* h-part:(L,W,R)=(71.0pt, 451.14981pt, 92.14519pt)
* v-part:(T,H,B)=(86.72377pt, 612.84885pt, 95.39737pt)
* \paperwidth=614.295pt
* \paperheight=794.96999pt
* \textwidth=451.14981pt
* \textheight=612.84885pt
* \oddsidemargin=-1.26999pt
* \evensidemargin=-1.26999pt
* \topmargin=-15.54622pt
* \headheight=15.0pt
* \headsep=15.0pt
* \topskip=12.0pt
* \footskip=29.0pt
* \marginparwidth=36.135pt
* \marginparsep=5.0pt
* \columnsep=10.0pt
* \skip\footins=10.8pt plus 4.0pt minus 2.0pt
* \hoffset=0.0pt
* \voffset=0.0pt
* \mag=1000
* \@twocolumnfalse
* \@twosidefalse
* \@mparswitchfalse
* \@reversemarginfalse
* (1in=72.27pt=25.4mm, 1cm=28.453pt)

(e:/texlive/2023/texmf-dist/tex/context/base/mkii/supp-pdf.mkii
[Loading MPS to PDF converter (version 2006.09.02).]
\scratchcounter=\count326
\scratchdimen=\dimen176
\scratchbox=\box58
\nofMPsegments=\count327
\nofMParguments=\count328
\everyMPshowfont=\toks33
\MPscratchCnt=\count329
\MPscratchDim=\dimen177
\MPnumerator=\count330
\makeMPintoPDFobject=\count331
\everyMPtoPDFconversion=\toks34
) (e:/texlive/2023/texmf-dist/tex/latex/epstopdf-pkg/epstopdf-base.sty
Package: epstopdf-base 2020-01-24 v2.11 Base part for package epstopdf
Package epstopdf-base Info: Redefining graphics rule for `.eps' on input line 485.
 (e:/texlive/2023/texmf-dist/tex/latex/latexconfig/epstopdf-sys.cfg
File: epstopdf-sys.cfg 2010/07/13 v1.3 Configuration of (r)epstopdf for TeX Live
))
Overfull \hbox (17.62482pt too wide) in paragraph at lines 27--31
[][]
 []


Underfull \hbox (badness 10000) in paragraph at lines 27--31

 []

LaTeX Font Info:    Trying to load font information for U+msa on input line 41.
(e:/texlive/2023/texmf-dist/tex/latex/amsfonts/umsa.fd
File: umsa.fd 2013/01/14 v3.01 AMS symbols A
)
LaTeX Font Info:    Trying to load font information for U+msb on input line 41.
 (e:/texlive/2023/texmf-dist/tex/latex/amsfonts/umsb.fd
File: umsb.fd 2013/01/14 v3.01 AMS symbols B
) [1

{e:/texlive/2023/texmf-var/fonts/map/pdftex/updmap/pdftex.map}{e:/texlive/2023/texmf-dist/fonts/enc/dvips/cm-super/cm-super-ts1.enc}]

LaTeX Font Warning: Font shape `T3/cmr/m/it' in size <12> not available
(Font)              Font shape `T3/cmr/m/sl' tried instead on input line 84.

(e:/texlive/2023/texmf-dist/tex/latex/cjk/texinput/UTF8/UTF8.bdg
File: UTF8.bdg 2021/10/16 4.8.5
) (e:/texlive/2023/texmf-dist/tex/latex/cjk/texinput/UTF8/UTF8.enc
File: UTF8.enc 2021/10/16 4.8.5
) (e:/texlive/2023/texmf-dist/tex/latex/cjk/texinput/UTF8/UTF8.chr
File: UTF8.chr 2021/10/16 4.8.5
)
LaTeX Font Info:    Trying to load font information for C70+gbsn on input line 84.
 (e:/texlive/2023/texmf-dist/tex/latex/cjk/texinput/UTF8/c70gbsn.fd
File: c70gbsn.fd 2021/10/16 4.8.5
) (e:/texlive/2023/texmf-dist/tex/latex/cjk/texinput/UTF8/c70gbsn.fdx
File: c70gbsn.fdx 2021/10/16 4.8.5
)

LaTeX Font Warning: Font shape `C70/gbsn/m/it' undefined
(Font)              using `C70/gbsn/m/n' instead on input line 84.

[2] [3] [4] [5] [6] [7] [8] (e:/texlive/2023/texmf-dist/tex/latex/cjk/texinput/UTF8/UTF8.enc
File: UTF8.enc 2021/10/16 4.8.5
) (e:/texlive/2023/texmf-dist/tex/latex/cjk/texinput/UTF8/UTF8.chr
File: UTF8.chr 2021/10/16 4.8.5
) [9] (e:/texlive/2023/texmf-dist/tex/latex/cjk/texinput/UTF8/UTF8.enc
File: UTF8.enc 2021/10/16 4.8.5
) (e:/texlive/2023/texmf-dist/tex/latex/cjk/texinput/UTF8/UTF8.chr
File: UTF8.chr 2021/10/16 4.8.5
) [10] [11] [12] (e:/texlive/2023/texmf-dist/tex/latex/cjk/texinput/UTF8/UTF8.enc
File: UTF8.enc 2021/10/16 4.8.5
) (e:/texlive/2023/texmf-dist/tex/latex/cjk/texinput/UTF8/UTF8.chr
File: UTF8.chr 2021/10/16 4.8.5
) (e:/texlive/2023/texmf-dist/tex/latex/cjk/texinput/UTF8/UTF8.enc
File: UTF8.enc 2021/10/16 4.8.5
) (e:/texlive/2023/texmf-dist/tex/latex/cjk/texinput/UTF8/UTF8.chr
File: UTF8.chr 2021/10/16 4.8.5
) (e:/texlive/2023/texmf-dist/tex/latex/cjk/texinput/UTF8/UTF8.enc
File: UTF8.enc 2021/10/16 4.8.5
) (e:/texlive/2023/texmf-dist/tex/latex/cjk/texinput/UTF8/UTF8.chr
File: UTF8.chr 2021/10/16 4.8.5
) [13] (e:/texlive/2023/texmf-dist/tex/latex/cjk/texinput/UTF8/UTF8.enc
File: UTF8.enc 2021/10/16 4.8.5
) (e:/texlive/2023/texmf-dist/tex/latex/cjk/texinput/UTF8/UTF8.chr
File: UTF8.chr 2021/10/16 4.8.5
) (e:/texlive/2023/texmf-dist/tex/latex/cjk/texinput/UTF8/UTF8.enc
File: UTF8.enc 2021/10/16 4.8.5
) (e:/texlive/2023/texmf-dist/tex/latex/cjk/texinput/UTF8/UTF8.chr
File: UTF8.chr 2021/10/16 4.8.5
) (e:/texlive/2023/texmf-dist/tex/latex/cjk/texinput/UTF8/UTF8.enc
File: UTF8.enc 2021/10/16 4.8.5
) (e:/texlive/2023/texmf-dist/tex/latex/cjk/texinput/UTF8/UTF8.chr
File: UTF8.chr 2021/10/16 4.8.5
) (e:/texlive/2023/texmf-dist/tex/latex/cjk/texinput/UTF8/UTF8.enc
File: UTF8.enc 2021/10/16 4.8.5
) (e:/texlive/2023/texmf-dist/tex/latex/cjk/texinput/UTF8/UTF8.chr
File: UTF8.chr 2021/10/16 4.8.5
) [14] [15] [16] (e:/texlive/2023/texmf-dist/tex/latex/cjk/texinput/UTF8/UTF8.enc
File: UTF8.enc 2021/10/16 4.8.5
) (e:/texlive/2023/texmf-dist/tex/latex/cjk/texinput/UTF8/UTF8.chr
File: UTF8.chr 2021/10/16 4.8.5
) (e:/texlive/2023/texmf-dist/tex/latex/cjk/texinput/UTF8/UTF8.enc
File: UTF8.enc 2021/10/16 4.8.5
) (e:/texlive/2023/texmf-dist/tex/latex/cjk/texinput/UTF8/UTF8.chr
File: UTF8.chr 2021/10/16 4.8.5
) (e:/texlive/2023/texmf-dist/tex/latex/cjk/texinput/UTF8/UTF8.enc
File: UTF8.enc 2021/10/16 4.8.5
) (e:/texlive/2023/texmf-dist/tex/latex/cjk/texinput/UTF8/UTF8.chr
File: UTF8.chr 2021/10/16 4.8.5
) (e:/texlive/2023/texmf-dist/tex/latex/cjk/texinput/UTF8/UTF8.enc
File: UTF8.enc 2021/10/16 4.8.5
) (e:/texlive/2023/texmf-dist/tex/latex/cjk/texinput/UTF8/UTF8.chr
File: UTF8.chr 2021/10/16 4.8.5
) (e:/texlive/2023/texmf-dist/tex/latex/cjk/texinput/UTF8/UTF8.enc
File: UTF8.enc 2021/10/16 4.8.5
) (e:/texlive/2023/texmf-dist/tex/latex/cjk/texinput/UTF8/UTF8.chr
File: UTF8.chr 2021/10/16 4.8.5
) (e:/texlive/2023/texmf-dist/tex/latex/cjk/texinput/UTF8/UTF8.enc
File: UTF8.enc 2021/10/16 4.8.5
) (e:/texlive/2023/texmf-dist/tex/latex/cjk/texinput/UTF8/UTF8.chr
File: UTF8.chr 2021/10/16 4.8.5
) (e:/texlive/2023/texmf-dist/tex/latex/cjk/texinput/UTF8/UTF8.enc
File: UTF8.enc 2021/10/16 4.8.5
) (e:/texlive/2023/texmf-dist/tex/latex/cjk/texinput/UTF8/UTF8.chr
File: UTF8.chr 2021/10/16 4.8.5
) (e:/texlive/2023/texmf-dist/tex/latex/cjk/texinput/UTF8/UTF8.enc
File: UTF8.enc 2021/10/16 4.8.5
) (e:/texlive/2023/texmf-dist/tex/latex/cjk/texinput/UTF8/UTF8.chr
File: UTF8.chr 2021/10/16 4.8.5
) (e:/texlive/2023/texmf-dist/tex/latex/cjk/texinput/UTF8/UTF8.enc
File: UTF8.enc 2021/10/16 4.8.5
) (e:/texlive/2023/texmf-dist/tex/latex/cjk/texinput/UTF8/UTF8.chr
File: UTF8.chr 2021/10/16 4.8.5
) [17] (e:/texlive/2023/texmf-dist/tex/latex/cjk/texinput/UTF8/UTF8.enc
File: UTF8.enc 2021/10/16 4.8.5
) (e:/texlive/2023/texmf-dist/tex/latex/cjk/texinput/UTF8/UTF8.chr
File: UTF8.chr 2021/10/16 4.8.5
) [18] (e:/texlive/2023/texmf-dist/tex/latex/cjk/texinput/UTF8/UTF8.enc
File: UTF8.enc 2021/10/16 4.8.5
) (e:/texlive/2023/texmf-dist/tex/latex/cjk/texinput/UTF8/UTF8.chr
File: UTF8.chr 2021/10/16 4.8.5
) (e:/texlive/2023/texmf-dist/tex/latex/cjk/texinput/UTF8/UTF8.enc
File: UTF8.enc 2021/10/16 4.8.5
) (e:/texlive/2023/texmf-dist/tex/latex/cjk/texinput/UTF8/UTF8.chr
File: UTF8.chr 2021/10/16 4.8.5
) (e:/texlive/2023/texmf-dist/tex/latex/cjk/texinput/UTF8/UTF8.enc
File: UTF8.enc 2021/10/16 4.8.5
) (e:/texlive/2023/texmf-dist/tex/latex/cjk/texinput/UTF8/UTF8.chr
File: UTF8.chr 2021/10/16 4.8.5
) [19] (e:/texlive/2023/texmf-dist/tex/latex/cjk/texinput/UTF8/UTF8.enc
File: UTF8.enc 2021/10/16 4.8.5
) (e:/texlive/2023/texmf-dist/tex/latex/cjk/texinput/UTF8/UTF8.chr
File: UTF8.chr 2021/10/16 4.8.5
) [20] (e:/texlive/2023/texmf-dist/tex/latex/cjk/texinput/UTF8/UTF8.enc
File: UTF8.enc 2021/10/16 4.8.5
) (e:/texlive/2023/texmf-dist/tex/latex/cjk/texinput/UTF8/UTF8.chr
File: UTF8.chr 2021/10/16 4.8.5
) [21] [22] [23] [24]
Overfull \hbox (14.54376pt too wide) detected at line 643
\OML/cmm/m/it/12 p[]\OT1/cmr/m/n/12 (\OML/cmm/m/it/12 t\OT1/cmr/m/n/12 ) = [][] []\OML/cmm/m/it/12 P[][][] \OMS/cmsy/m/n/12 ^^B \OML/cmm/m/it/12 P[][][][]:
 []

[25]
<figures/fig-1.png, id=189, 257.83829pt x 246.9225pt>
File: figures/fig-1.png Graphic file (type png)
<use figures/fig-1.png>
Package pdftex.def Info: figures/fig-1.png  used on input line 677.
(pdftex.def)             Requested size: 205.73058pt x 197.02583pt.

Underfull \vbox (badness 10000) detected at line 680
 []

[26] (e:/texlive/2023/texmf-dist/tex/latex/cjk/texinput/UTF8/UTF8.enc
File: UTF8.enc 2021/10/16 4.8.5
) (e:/texlive/2023/texmf-dist/tex/latex/cjk/texinput/UTF8/UTF8.chr
File: UTF8.chr 2021/10/16 4.8.5
)
<figures/fig-2.png, id=194, 209.145pt x 215.934pt>
File: figures/fig-2.png Graphic file (type png)
<use figures/fig-2.png>
Package pdftex.def Info: figures/fig-2.png  used on input line 706.
(pdftex.def)             Requested size: 205.73058pt x 212.41124pt.
 [27 <./figures/fig-1.png (PNG copy)>] [28 <./figures/fig-2.png>] [29] [30] (e:/texlive/2023/texmf-dist/tex/latex/cjk/texinput/UTF8/UTF8.enc
File: UTF8.enc 2021/10/16 4.8.5
) (e:/texlive/2023/texmf-dist/tex/latex/cjk/texinput/UTF8/UTF8.chr
File: UTF8.chr 2021/10/16 4.8.5
)
Overfull \hbox (36.7561pt too wide) detected at line 810
[]
 []

[31] [32] (e:/texlive/2023/texmf-dist/tex/latex/cjk/texinput/UTF8/UTF8.enc
File: UTF8.enc 2021/10/16 4.8.5
) (e:/texlive/2023/texmf-dist/tex/latex/cjk/texinput/UTF8/UTF8.chr
File: UTF8.chr 2021/10/16 4.8.5
) (e:/texlive/2023/texmf-dist/tex/latex/cjk/texinput/UTF8/UTF8.enc
File: UTF8.enc 2021/10/16 4.8.5
) (e:/texlive/2023/texmf-dist/tex/latex/cjk/texinput/UTF8/UTF8.chr
File: UTF8.chr 2021/10/16 4.8.5
) (e:/texlive/2023/texmf-dist/tex/latex/cjk/texinput/UTF8/UTF8.enc
File: UTF8.enc 2021/10/16 4.8.5
) (e:/texlive/2023/texmf-dist/tex/latex/cjk/texinput/UTF8/UTF8.chr
File: UTF8.chr 2021/10/16 4.8.5
) (e:/texlive/2023/texmf-dist/tex/latex/cjk/texinput/UTF8/UTF8.enc
File: UTF8.enc 2021/10/16 4.8.5
) (e:/texlive/2023/texmf-dist/tex/latex/cjk/texinput/UTF8/UTF8.chr
File: UTF8.chr 2021/10/16 4.8.5
) [33] (e:/texlive/2023/texmf-dist/tex/latex/cjk/texinput/UTF8/UTF8.enc
File: UTF8.enc 2021/10/16 4.8.5
) (e:/texlive/2023/texmf-dist/tex/latex/cjk/texinput/UTF8/UTF8.chr
File: UTF8.chr 2021/10/16 4.8.5
) (e:/texlive/2023/texmf-dist/tex/latex/cjk/texinput/UTF8/UTF8.enc
File: UTF8.enc 2021/10/16 4.8.5
) (e:/texlive/2023/texmf-dist/tex/latex/cjk/texinput/UTF8/UTF8.chr
File: UTF8.chr 2021/10/16 4.8.5
) (e:/texlive/2023/texmf-dist/tex/latex/cjk/texinput/UTF8/UTF8.enc
File: UTF8.enc 2021/10/16 4.8.5
) (e:/texlive/2023/texmf-dist/tex/latex/cjk/texinput/UTF8/UTF8.chr
File: UTF8.chr 2021/10/16 4.8.5
) (e:/texlive/2023/texmf-dist/tex/latex/cjk/texinput/UTF8/UTF8.enc
File: UTF8.enc 2021/10/16 4.8.5
) (e:/texlive/2023/texmf-dist/tex/latex/cjk/texinput/UTF8/UTF8.chr
File: UTF8.chr 2021/10/16 4.8.5
) (e:/texlive/2023/texmf-dist/tex/latex/cjk/texinput/UTF8/UTF8.enc
File: UTF8.enc 2021/10/16 4.8.5
) (e:/texlive/2023/texmf-dist/tex/latex/cjk/texinput/UTF8/UTF8.chr
File: UTF8.chr 2021/10/16 4.8.5
) [34] [35] [36] (e:/texlive/2023/texmf-dist/tex/latex/cjk/texinput/UTF8/UTF8.enc
File: UTF8.enc 2021/10/16 4.8.5
) (e:/texlive/2023/texmf-dist/tex/latex/cjk/texinput/UTF8/UTF8.chr
File: UTF8.chr 2021/10/16 4.8.5
) [37] [38] (e:/texlive/2023/texmf-dist/tex/latex/cjk/texinput/UTF8/UTF8.enc
File: UTF8.enc 2021/10/16 4.8.5
) (e:/texlive/2023/texmf-dist/tex/latex/cjk/texinput/UTF8/UTF8.chr
File: UTF8.chr 2021/10/16 4.8.5
) [39] (e:/texlive/2023/texmf-dist/tex/latex/cjk/texinput/UTF8/UTF8.enc
File: UTF8.enc 2021/10/16 4.8.5
) (e:/texlive/2023/texmf-dist/tex/latex/cjk/texinput/UTF8/UTF8.chr
File: UTF8.chr 2021/10/16 4.8.5
) (e:/texlive/2023/texmf-dist/tex/latex/cjk/texinput/UTF8/UTF8.enc
File: UTF8.enc 2021/10/16 4.8.5
) (e:/texlive/2023/texmf-dist/tex/latex/cjk/texinput/UTF8/UTF8.chr
File: UTF8.chr 2021/10/16 4.8.5
) (e:/texlive/2023/texmf-dist/tex/latex/cjk/texinput/UTF8/UTF8.enc
File: UTF8.enc 2021/10/16 4.8.5
) (e:/texlive/2023/texmf-dist/tex/latex/cjk/texinput/UTF8/UTF8.chr
File: UTF8.chr 2021/10/16 4.8.5
) (e:/texlive/2023/texmf-dist/tex/latex/cjk/texinput/UTF8/UTF8.enc
File: UTF8.enc 2021/10/16 4.8.5
) (e:/texlive/2023/texmf-dist/tex/latex/cjk/texinput/UTF8/UTF8.chr
File: UTF8.chr 2021/10/16 4.8.5
) [40] [41] [42] [43] [44] [45] [46] (e:/texlive/2023/texmf-dist/tex/latex/cjk/texinput/UTF8/UTF8.enc
File: UTF8.enc 2021/10/16 4.8.5
) (e:/texlive/2023/texmf-dist/tex/latex/cjk/texinput/UTF8/UTF8.chr
File: UTF8.chr 2021/10/16 4.8.5
) (e:/texlive/2023/texmf-dist/tex/latex/cjk/texinput/UTF8/UTF8.enc
File: UTF8.enc 2021/10/16 4.8.5
) (e:/texlive/2023/texmf-dist/tex/latex/cjk/texinput/UTF8/UTF8.chr
File: UTF8.chr 2021/10/16 4.8.5
) (e:/texlive/2023/texmf-dist/tex/latex/cjk/texinput/UTF8/UTF8.enc
File: UTF8.enc 2021/10/16 4.8.5
) (e:/texlive/2023/texmf-dist/tex/latex/cjk/texinput/UTF8/UTF8.chr
File: UTF8.chr 2021/10/16 4.8.5
) [47] (e:/texlive/2023/texmf-dist/tex/latex/cjk/texinput/UTF8/UTF8.enc
File: UTF8.enc 2021/10/16 4.8.5
) (e:/texlive/2023/texmf-dist/tex/latex/cjk/texinput/UTF8/UTF8.chr
File: UTF8.chr 2021/10/16 4.8.5
) [48] (e:/texlive/2023/texmf-dist/tex/latex/cjk/texinput/UTF8/UTF8.enc
File: UTF8.enc 2021/10/16 4.8.5
) (e:/texlive/2023/texmf-dist/tex/latex/cjk/texinput/UTF8/UTF8.chr
File: UTF8.chr 2021/10/16 4.8.5
) (e:/texlive/2023/texmf-dist/tex/latex/cjk/texinput/UTF8/UTF8.enc
File: UTF8.enc 2021/10/16 4.8.5
) (e:/texlive/2023/texmf-dist/tex/latex/cjk/texinput/UTF8/UTF8.chr
File: UTF8.chr 2021/10/16 4.8.5
) [49] (e:/texlive/2023/texmf-dist/tex/latex/cjk/texinput/UTF8/UTF8.enc
File: UTF8.enc 2021/10/16 4.8.5
) (e:/texlive/2023/texmf-dist/tex/latex/cjk/texinput/UTF8/UTF8.chr
File: UTF8.chr 2021/10/16 4.8.5
) [50]
Overfull \hbox (12.45358pt too wide) in paragraph at lines 1306--1307
\OT1/cmr/m/n/12 player N have. Then it is clear that the state space is $\OML/cmm/m/it/12 S \OT1/cmr/m/n/12 = \OMS/cmsy/m/n/12 f\OT1/cmr/m/n/12 (3\OML/cmm/m/it/12 ; \OT1/cmr/m/n/12 0)\OML/cmm/m/it/12 ; \OT1/cmr/m/n/12 (2\OML/cmm/m/it/12 ; \OT1/cmr/m/n/12 1)\OML/cmm/m/it/12 ; \OT1/cmr/m/n/12 (1\OML/cmm/m/it/12 ; \OT1/cmr/m/n/12 2)\OML/cmm/m/it/12 ; \OT1/cmr/m/n/12 (0\OML/cmm/m/it/12 ; \OT1/cmr/m/n/12 3)\OMS/cmsy/m/n/12 g$\OT1/cmr/m/n/12 .
 []

<figures/fig-3.png, id=301, 280.04625pt x 102.00609pt>
File: figures/fig-3.png Graphic file (type png)
<use figures/fig-3.png>
Package pdftex.def Info: figures/fig-3.png  used on input line 1318.
(pdftex.def)             Requested size: 205.73058pt x 74.9401pt.
[51 <./figures/fig-3.png (PNG copy)>] [52] (e:/texlive/2023/texmf-dist/tex/latex/cjk/texinput/UTF8/UTF8.enc
File: UTF8.enc 2021/10/16 4.8.5
) (e:/texlive/2023/texmf-dist/tex/latex/cjk/texinput/UTF8/UTF8.chr
File: UTF8.chr 2021/10/16 4.8.5
)
<figures/fig-4.png, id=309, 249.93375pt x 120.45pt>
File: figures/fig-4.png Graphic file (type png)
<use figures/fig-4.png>
Package pdftex.def Info: figures/fig-4.png  used on input line 1400.
(pdftex.def)             Requested size: 205.73058pt x 99.15007pt.
 [53 <./figures/fig-4.png (PNG copy)>]
<figures/fig-5.png, id=313, 361.35pt x 114.80391pt>
File: figures/fig-5.png Graphic file (type png)
<use figures/fig-5.png>
Package pdftex.def Info: figures/fig-5.png  used on input line 1434.
(pdftex.def)             Requested size: 246.8792pt x 78.43524pt.
<figures/fig-6.png, id=314, 340.64766pt x 105.39375pt>
File: figures/fig-6.png Graphic file (type png)
<use figures/fig-6.png>
Package pdftex.def Info: figures/fig-6.png  used on input line 1457.
(pdftex.def)             Requested size: 246.8792pt x 76.38358pt.
<figures/fig-7.png, id=315, 538.26094pt x 124.59047pt>
File: figures/fig-7.png Graphic file (type png)
<use figures/fig-7.png>
Package pdftex.def Info: figures/fig-7.png  used on input line 1474.
(pdftex.def)             Requested size: 329.17017pt x 76.19206pt.
<figures/fig-8.png, id=316, 598.86235pt x 330.48468pt>
File: figures/fig-8.png Graphic file (type png)
<use figures/fig-8.png>
Package pdftex.def Info: figures/fig-8.png  used on input line 1508.
(pdftex.def)             Requested size: 370.31252pt x 204.36385pt.
 [54] [55 <./figures/fig-5.png (PNG copy)>]
Overfull \vbox (13.52757pt too high) detected at line 1512
 []

[56 <./figures/fig-6.png (PNG copy)> <./figures/fig-7.png (PNG copy)>]
Underfull \vbox (badness 10000) detected at line 1512
 []


Underfull \vbox (badness 10000) detected at line 1512
 []

[57] (e:/texlive/2023/texmf-dist/tex/latex/cjk/texinput/UTF8/UTF8.enc
File: UTF8.enc 2021/10/16 4.8.5
) (e:/texlive/2023/texmf-dist/tex/latex/cjk/texinput/UTF8/UTF8.chr
File: UTF8.chr 2021/10/16 4.8.5
) [58 <./figures/fig-8.png (PNG copy)>]
This exam contains 38 questions with 11 parts, 0 subparts, and 0 subsubparts.
(./Note.aux)
 ***********
LaTeX2e <2023-11-01> patch level 1
L3 programming layer <2024-02-20>
 ***********


LaTeX Font Warning: Some font shapes were not available, defaults substituted.


LaTeX Warning: There were multiply-defined labels.

 ) 
Here is how much of TeX's memory you used:
 7649 strings out of 474137
 115551 string characters out of 5748518
 1954190 words of memory out of 5000000
 29570 multiletter control sequences out of 15000+600000
 584229 words of font info for 129 fonts, out of 8000000 for 9000
 1141 hyphenation exceptions out of 8191
 59i,17n,67p,1019b,888s stack positions out of 10000i,1000n,20000p,200000b,200000s
<e:/texlive/2023/texmf-dist/fonts/type1/public/amsfonts/cm/cmbx12.pfb><e:/texlive/2023/texmf-dist/fonts/type1/public/amsfonts/cm/cmex10.pfb><e:/texlive/2023/texmf-dist/fonts/type1/public/amsfonts/cm/cmmi12.pfb><e:/texlive/2023/texmf-dist/fonts/type1/public/amsfonts/cm/cmmi6.pfb><e:/texlive/2023/texmf-dist/fonts/type1/public/amsfonts/cm/cmmi8.pfb><e:/texlive/2023/texmf-dist/fonts/type1/public/amsfonts/cm/cmr12.pfb><e:/texlive/2023/texmf-dist/fonts/type1/public/amsfonts/cm/cmr17.pfb><e:/texlive/2023/texmf-dist/fonts/type1/public/amsfonts/cm/cmr6.pfb><e:/texlive/2023/texmf-dist/fonts/type1/public/amsfonts/cm/cmr8.pfb><e:/texlive/2023/texmf-dist/fonts/type1/public/amsfonts/cm/cmsy10.pfb><e:/texlive/2023/texmf-dist/fonts/type1/public/amsfonts/cm/cmsy6.pfb><e:/texlive/2023/texmf-dist/fonts/type1/public/amsfonts/cm/cmsy8.pfb><e:/texlive/2023/texmf-dist/fonts/type1/public/amsfonts/cm/cmti12.pfb><e:/texlive/2023/texmf-dist/fonts/type1/arphic/gbsnu/gbsnu4e.pfb><e:/texlive/2023/texmf-dist/fonts/type1/arphic/gbsnu/gbsnu4f.pfb><e:/texlive/2023/texmf-dist/fonts/type1/arphic/gbsnu/gbsnu50.pfb><e:/texlive/2023/texmf-dist/fonts/type1/arphic/gbsnu/gbsnu51.pfb><e:/texlive/2023/texmf-dist/fonts/type1/arphic/gbsnu/gbsnu52.pfb><e:/texlive/2023/texmf-dist/fonts/type1/arphic/gbsnu/gbsnu53.pfb><e:/texlive/2023/texmf-dist/fonts/type1/arphic/gbsnu/gbsnu54.pfb><e:/texlive/2023/texmf-dist/fonts/type1/arphic/gbsnu/gbsnu56.pfb><e:/texlive/2023/texmf-dist/fonts/type1/arphic/gbsnu/gbsnu59.pfb><e:/texlive/2023/texmf-dist/fonts/type1/arphic/gbsnu/gbsnu5b.pfb><e:/texlive/2023/texmf-dist/fonts/type1/arphic/gbsnu/gbsnu5c.pfb><e:/texlive/2023/texmf-dist/fonts/type1/arphic/gbsnu/gbsnu5d.pfb><e:/texlive/2023/texmf-dist/fonts/type1/arphic/gbsnu/gbsnu5e.pfb><e:/texlive/2023/texmf-dist/fonts/type1/arphic/gbsnu/gbsnu5f.pfb><e:/texlive/2023/texmf-dist/fonts/type1/arphic/gbsnu/gbsnu60.pfb><e:/texlive/2023/texmf-dist/fonts/type1/arphic/gbsnu/gbsnu62.pfb><e:/texlive/2023/texmf-dist/fonts/type1/arphic/gbsnu/gbsnu63.pfb><e:/texlive/2023/texmf-dist/fonts/type1/arphic/gbsnu/gbsnu64.pfb><e:/texlive/2023/texmf-dist/fonts/type1/arphic/gbsnu/gbsnu65.pfb><e:/texlive/2023/texmf-dist/fonts/type1/arphic/gbsnu/gbsnu66.pfb><e:/texlive/2023/texmf-dist/fonts/type1/arphic/gbsnu/gbsnu67.pfb><e:/texlive/2023/texmf-dist/fonts/type1/arphic/gbsnu/gbsnu68.pfb><e:/texlive/2023/texmf-dist/fonts/type1/arphic/gbsnu/gbsnu69.pfb><e:/texlive/2023/texmf-dist/fonts/type1/arphic/gbsnu/gbsnu6b.pfb><e:/texlive/2023/texmf-dist/fonts/type1/arphic/gbsnu/gbsnu6c.pfb><e:/texlive/2023/texmf-dist/fonts/type1/arphic/gbsnu/gbsnu6d.pfb><e:/texlive/2023/texmf-dist/fonts/type1/arphic/gbsnu/gbsnu6e.pfb><e:/texlive/2023/texmf-dist/fonts/type1/arphic/gbsnu/gbsnu70.pfb><e:/texlive/2023/texmf-dist/fonts/type1/arphic/gbsnu/gbsnu71.pfb><e:/texlive/2023/texmf-dist/fonts/type1/arphic/gbsnu/gbsnu72.pfb><e:/texlive/2023/texmf-dist/fonts/type1/arphic/gbsnu/gbsnu73.pfb><e:/texlive/2023/texmf-dist/fonts/type1/arphic/gbsnu/gbsnu74.pfb><e:/texlive/2023/texmf-dist/fonts/type1/arphic/gbsnu/gbsnu75.pfb><e:/texlive/2023/texmf-dist/fonts/type1/arphic/gbsnu/gbsnu76.pfb><e:/texlive/2023/texmf-dist/fonts/type1/arphic/gbsnu/gbsnu77.pfb><e:/texlive/2023/texmf-dist/fonts/type1/arphic/gbsnu/gbsnu78.pfb><e:/texlive/2023/texmf-dist/fonts/type1/arphic/gbsnu/gbsnu79.pfb><e:/texlive/2023/texmf-dist/fonts/type1/arphic/gbsnu/gbsnu7a.pfb><e:/texlive/2023/texmf-dist/fonts/type1/arphic/gbsnu/gbsnu7b.pfb><e:/texlive/2023/texmf-dist/fonts/type1/arphic/gbsnu/gbsnu7c.pfb><e:/texlive/2023/texmf-dist/fonts/type1/arphic/gbsnu/gbsnu7d.pfb><e:/texlive/2023/texmf-dist/fonts/type1/arphic/gbsnu/gbsnu7e.pfb><e:/texlive/2023/texmf-dist/fonts/type1/arphic/gbsnu/gbsnu7f.pfb><e:/texlive/2023/texmf-dist/fonts/type1/arphic/gbsnu/gbsnu80.pfb><e:/texlive/2023/texmf-dist/fonts/type1/arphic/gbsnu/gbsnu82.pfb><e:/texlive/2023/texmf-dist/fonts/type1/arphic/gbsnu/gbsnu83.pfb><e:/texlive/2023/texmf-dist/fonts/type1/arphic/gbsnu/gbsnu84.pfb><e:/texlive/2023/texmf-dist/fonts/type1/arphic/gbsnu/gbsnu86.pfb><e:/texlive/2023/texmf-dist/fonts/type1/arphic/gbsnu/gbsnu89.pfb><e:/texlive/2023/texmf-dist/fonts/type1/arphic/gbsnu/gbsnu8c.pfb><e:/texlive/2023/texmf-dist/fonts/type1/arphic/gbsnu/gbsnu8d.pfb><e:/texlive/2023/texmf-dist/fonts/type1/arphic/gbsnu/gbsnu8f.pfb><e:/texlive/2023/texmf-dist/fonts/type1/arphic/gbsnu/gbsnu90.pfb><e:/texlive/2023/texmf-dist/fonts/type1/arphic/gbsnu/gbsnu91.pfb><e:/texlive/2023/texmf-dist/fonts/type1/arphic/gbsnu/gbsnu95.pfb><e:/texlive/2023/texmf-dist/fonts/type1/arphic/gbsnu/gbsnu96.pfb><e:/texlive/2023/texmf-dist/fonts/type1/arphic/gbsnu/gbsnu98.pfb><e:/texlive/2023/texmf-dist/fonts/type1/arphic/gbsnu/gbsnu9a.pfb><e:/texlive/2023/texmf-dist/fonts/type1/arphic/gbsnu/gbsnu9f.pfb><e:/texlive/2023/texmf-dist/fonts/type1/arphic/gbsnu/gbsnuff.pfb><e:/texlive/2023/texmf-dist/fonts/type1/public/amsfonts/symbols/msbm10.pfb><e:/texlive/2023/texmf-dist/fonts/type1/public/cm-super/sfrm1200.pfb><e:/texlive/2023/texmf-dist/fonts/type1/public/tipa/tipa12.pfb><e:/texlive/2023/texmf-dist/fonts/type1/public/tipa/tipasl12.pfb>
Output written on Note.pdf (58 pages, 1164054 bytes).
PDF statistics:
 649 PDF objects out of 1000 (max. 8388607)
 362 compressed objects within 4 object streams
 0 named destinations out of 1000 (max. 500000)
 281 words of extra memory for PDF output out of 10000 (max. 10000000)

